[2019-03-07T13:42:19.804] [ERROR] http - ::1 - - "POST /api/auth/register2 HTTP/1.1" 404 52 "" "Mozilla/5.0 (Windows NT 6.3; Win64; x64) AppleWebKit/537.36 (KHTML, like Gecko) Chrome/72.0.3626.109 Safari/537.36"
[2019-03-07T13:42:51.677] [ERROR] http - ::1 - - "POST /api/auth/register HTTP/1.1" 401 88 "" "Mozilla/5.0 (Windows NT 6.3; Win64; x64) AppleWebKit/537.36 (KHTML, like Gecko) Chrome/72.0.3626.109 Safari/537.36"
[2019-03-07T13:51:22.195] [ERROR] http - ::1 - - "POST /api/auth/register HTTP/1.1" 401 88 "" "Mozilla/5.0 (Windows NT 6.3; Win64; x64) AppleWebKit/537.36 (KHTML, like Gecko) Chrome/72.0.3626.109 Safari/537.36"
[2019-03-07T15:57:09.995] [ERROR] http - ::1 - - "POST /api/auth/register HTTP/1.1" 401 88 "" "Mozilla/5.0 (Windows NT 6.3; Win64; x64) AppleWebKit/537.36 (KHTML, like Gecko) Chrome/72.0.3626.109 Safari/537.36"
[2019-03-07T16:23:22.433] [ERROR] http - ::1 - - "POST /api/auth/register HTTP/1.1" 401 88 "" "Mozilla/5.0 (Windows NT 6.3; Win64; x64) AppleWebKit/537.36 (KHTML, like Gecko) Chrome/72.0.3626.109 Safari/537.36"
[2019-03-07T16:23:39.314] [INFO] http - ::1 - - "POST /api/auth/register HTTP/1.1" 200 226 "" "Mozilla/5.0 (Windows NT 6.3; Win64; x64) AppleWebKit/537.36 (KHTML, like Gecko) Chrome/72.0.3626.109 Safari/537.36"
[2019-03-07T16:35:21.896] [ERROR] http - ::1 - - "GET /api/api/user/ HTTP/1.1" 500 43 "" "Mozilla/5.0 (Windows NT 6.3; Win64; x64) AppleWebKit/537.36 (KHTML, like Gecko) Chrome/72.0.3626.109 Safari/537.36"
[2019-03-07T16:35:50.974] [ERROR] http - ::1 - - "GET /api/api/user/ HTTP/1.1" 500 43 "" "Mozilla/5.0 (Windows NT 6.3; Win64; x64) AppleWebKit/537.36 (KHTML, like Gecko) Chrome/72.0.3626.109 Safari/537.36"
[2019-03-07T16:36:53.836] [ERROR] http - ::1 - - "GET /api/api/user/ HTTP/1.1" 404 52 "" "Mozilla/5.0 (Windows NT 6.3; Win64; x64) AppleWebKit/537.36 (KHTML, like Gecko) Chrome/72.0.3626.109 Safari/537.36"
[2019-03-07T16:37:12.443] [ERROR] http - ::1 - - "GET /api/user/ HTTP/1.1" 404 52 "" "Mozilla/5.0 (Windows NT 6.3; Win64; x64) AppleWebKit/537.36 (KHTML, like Gecko) Chrome/72.0.3626.109 Safari/537.36"
[2019-03-07T16:38:08.586] [INFO] http - ::1 - - "GET /api/users/ HTTP/1.1" 200 322 "" "Mozilla/5.0 (Windows NT 6.3; Win64; x64) AppleWebKit/537.36 (KHTML, like Gecko) Chrome/72.0.3626.109 Safari/537.36"
[2019-03-07T16:42:13.689] [INFO] http - ::1 - - "GET /api/users/ HTTP/1.1" 200 363 "" "Mozilla/5.0 (Windows NT 6.3; Win64; x64) AppleWebKit/537.36 (KHTML, like Gecko) Chrome/72.0.3626.109 Safari/537.36"
[2019-03-07T16:44:22.231] [INFO] http - ::1 - - "GET /api/users/ HTTP/1.1" 200 363 "" "Mozilla/5.0 (Windows NT 6.3; Win64; x64) AppleWebKit/537.36 (KHTML, like Gecko) Chrome/72.0.3626.109 Safari/537.36"
[2019-03-07T16:49:47.129] [INFO] http - ::1 - - "POST /api/users/ HTTP/1.1" 200 148 "" "Mozilla/5.0 (Windows NT 6.3; Win64; x64) AppleWebKit/537.36 (KHTML, like Gecko) Chrome/72.0.3626.109 Safari/537.36"
[2019-03-07T16:52:15.994] [INFO] http - ::1 - - "GET /api/users/5c81343ec8dde818ac0a4ceb HTTP/1.1" 200 160 "" "Mozilla/5.0 (Windows NT 6.3; Win64; x64) AppleWebKit/537.36 (KHTML, like Gecko) Chrome/72.0.3626.109 Safari/537.36"
[2019-03-07T16:52:26.939] [INFO] http - ::1 - - "GET /api/users/ HTTP/1.1" 200 472 "" "Mozilla/5.0 (Windows NT 6.3; Win64; x64) AppleWebKit/537.36 (KHTML, like Gecko) Chrome/72.0.3626.109 Safari/537.36"
[2019-03-07T16:52:39.796] [INFO] http - ::1 - - "GET /api/users/5c8175daf387204fe4e0cbd3 HTTP/1.1" 200 108 "" "Mozilla/5.0 (Windows NT 6.3; Win64; x64) AppleWebKit/537.36 (KHTML, like Gecko) Chrome/72.0.3626.109 Safari/537.36"
[2019-03-07T16:57:45.702] [INFO] http - ::1 - - "GET /api/users/5c8175daf387204fe4e0cbd3 HTTP/1.1" 200 148 "" "Mozilla/5.0 (Windows NT 6.3; Win64; x64) AppleWebKit/537.36 (KHTML, like Gecko) Chrome/72.0.3626.109 Safari/537.36"
[2019-03-07T16:57:55.047] [INFO] http - ::1 - - "GET /api/users/5c8175daf387204fe4e0cbd3 HTTP/1.1" 200 148 "" "Mozilla/5.0 (Windows NT 6.3; Win64; x64) AppleWebKit/537.36 (KHTML, like Gecko) Chrome/72.0.3626.109 Safari/537.36"
[2019-03-07T16:58:12.329] [INFO] http - ::1 - - "GET /api/users/5c8175daf387204fe4e0cbd3 HTTP/1.1" 200 148 "" "Mozilla/5.0 (Windows NT 6.3; Win64; x64) AppleWebKit/537.36 (KHTML, like Gecko) Chrome/72.0.3626.109 Safari/537.36"
[2019-03-07T16:58:16.917] [ERROR] http - ::1 - - "GET /api/users/5c8175daf387204fe4e0cbd3ss HTTP/1.1" 500 74 "" "Mozilla/5.0 (Windows NT 6.3; Win64; x64) AppleWebKit/537.36 (KHTML, like Gecko) Chrome/72.0.3626.109 Safari/537.36"
[2019-03-07T16:58:29.071] [INFO] http - ::1 - - "GET /api/users/5c8175daf387204fe4e0cbd3 HTTP/1.1" 200 148 "" "Mozilla/5.0 (Windows NT 6.3; Win64; x64) AppleWebKit/537.36 (KHTML, like Gecko) Chrome/72.0.3626.109 Safari/537.36"
[2019-03-07T16:59:13.404] [INFO] http - ::1 - - "GET /api/users/5c8175daf387204fe4e0cbd3 HTTP/1.1" 200 148 "" "Mozilla/5.0 (Windows NT 6.3; Win64; x64) AppleWebKit/537.36 (KHTML, like Gecko) Chrome/72.0.3626.109 Safari/537.36"
[2019-03-07T16:59:18.121] [ERROR] http - ::1 - - "GET /api/users/5c8175daf387204fe4e0cbd31 HTTP/1.1" 500 72 "" "Mozilla/5.0 (Windows NT 6.3; Win64; x64) AppleWebKit/537.36 (KHTML, like Gecko) Chrome/72.0.3626.109 Safari/537.36"
[2019-03-07T17:04:22.960] [ERROR] http - ::1 - - "DELETE /api/users/dsadsadsa HTTP/1.1" 500 73 "" "Mozilla/5.0 (Windows NT 6.3; Win64; x64) AppleWebKit/537.36 (KHTML, like Gecko) Chrome/72.0.3626.109 Safari/537.36"
[2019-03-07T17:05:18.719] [ERROR] http - ::1 - - "DELETE /api/users/dsadsadsa HTTP/1.1" 500 73 "" "Mozilla/5.0 (Windows NT 6.3; Win64; x64) AppleWebKit/537.36 (KHTML, like Gecko) Chrome/72.0.3626.109 Safari/537.36"
[2019-03-07T17:09:26.445] [INFO] http - ::1 - - "GET /api/users/ HTTP/1.1" 200 472 "" "Mozilla/5.0 (Windows NT 6.3; Win64; x64) AppleWebKit/537.36 (KHTML, like Gecko) Chrome/72.0.3626.109 Safari/537.36"
[2019-03-07T17:09:59.032] [INFO] http - ::1 - - "DELETE /api/users/5c816fbb54f3d56390bc0dc7 HTTP/1.1" 200 60 "" "Mozilla/5.0 (Windows NT 6.3; Win64; x64) AppleWebKit/537.36 (KHTML, like Gecko) Chrome/72.0.3626.109 Safari/537.36"
[2019-03-07T17:13:28.394] [INFO] http - ::1 - - "DELETE /api/users/5c816fbb54f3d56390bc0dc7 HTTP/1.1" 200 77 "" "Mozilla/5.0 (Windows NT 6.3; Win64; x64) AppleWebKit/537.36 (KHTML, like Gecko) Chrome/72.0.3626.109 Safari/537.36"
[2019-03-07T17:13:40.604] [INFO] http - ::1 - - "DELETE /api/users/5c816fbb54f3d56390bc0dc7 HTTP/1.1" 200 77 "" "Mozilla/5.0 (Windows NT 6.3; Win64; x64) AppleWebKit/537.36 (KHTML, like Gecko) Chrome/72.0.3626.109 Safari/537.36"
[2019-03-07T17:14:11.383] [INFO] http - ::1 - - "DELETE /api/users/5c816fbb54f3d56390bc0dc7 HTTP/1.1" 200 77 "" "Mozilla/5.0 (Windows NT 6.3; Win64; x64) AppleWebKit/537.36 (KHTML, like Gecko) Chrome/72.0.3626.109 Safari/537.36"
[2019-03-07T17:14:32.736] [ERROR] http - ::1 - - "DELETE /api/users/5c816fbb54f3d56390bc0dc7 HTTP/1.1" 404 49 "" "Mozilla/5.0 (Windows NT 6.3; Win64; x64) AppleWebKit/537.36 (KHTML, like Gecko) Chrome/72.0.3626.109 Safari/537.36"
[2019-03-07T17:20:30.857] [ERROR] http - ::1 - - "PUT /api/users/xxxxx HTTP/1.1" 403 42 "" "Mozilla/5.0 (Windows NT 6.3; Win64; x64) AppleWebKit/537.36 (KHTML, like Gecko) Chrome/72.0.3626.109 Safari/537.36"
[2019-03-07T17:22:23.679] [ERROR] http - ::1 - - "GET /api/auth/me HTTP/1.1" 500 54 "" "Mozilla/5.0 (Windows NT 6.3; Win64; x64) AppleWebKit/537.36 (KHTML, like Gecko) Chrome/72.0.3626.109 Safari/537.36"
[2019-03-07T17:23:15.933] [ERROR] http - ::1 - - "PUT /api/users/xxxxx HTTP/1.1" 500 54 "" "Mozilla/5.0 (Windows NT 6.3; Win64; x64) AppleWebKit/537.36 (KHTML, like Gecko) Chrome/72.0.3626.109 Safari/537.36"
[2019-03-07T17:23:35.694] [INFO] http - ::1 - - "GET /api/users/ HTTP/1.1" 200 312 "" "Mozilla/5.0 (Windows NT 6.3; Win64; x64) AppleWebKit/537.36 (KHTML, like Gecko) Chrome/72.0.3626.109 Safari/537.36"
[2019-03-07T17:24:05.596] [ERROR] http - ::1 - - "POST /api/auth/login HTTP/1.1" 404 50 "" "Mozilla/5.0 (Windows NT 6.3; Win64; x64) AppleWebKit/537.36 (KHTML, like Gecko) Chrome/72.0.3626.109 Safari/537.36"
[2019-03-07T17:25:55.968] [INFO] http - ::1 - - "GET /api/users/ HTTP/1.1" 200 312 "" "Mozilla/5.0 (Windows NT 6.3; Win64; x64) AppleWebKit/537.36 (KHTML, like Gecko) Chrome/72.0.3626.109 Safari/537.36"
[2019-03-07T17:26:42.880] [ERROR] http - ::1 - - "POST /api/auth/login HTTP/1.1" 404 50 "" "Mozilla/5.0 (Windows NT 6.3; Win64; x64) AppleWebKit/537.36 (KHTML, like Gecko) Chrome/72.0.3626.109 Safari/537.36"
[2019-03-07T17:27:17.250] [INFO] http - ::1 - - "DELETE /api/users/5c81343ec8dde818ac0a4ceb HTTP/1.1" 200 77 "" "Mozilla/5.0 (Windows NT 6.3; Win64; x64) AppleWebKit/537.36 (KHTML, like Gecko) Chrome/72.0.3626.109 Safari/537.36"
[2019-03-07T17:27:24.225] [INFO] http - ::1 - - "GET /api/users/ HTTP/1.1" 200 151 "" "Mozilla/5.0 (Windows NT 6.3; Win64; x64) AppleWebKit/537.36 (KHTML, like Gecko) Chrome/72.0.3626.109 Safari/537.36"
[2019-03-07T17:27:40.099] [INFO] http - ::1 - - "DELETE /api/users/5c8175daf387204fe4e0cbd3 HTTP/1.1" 200 77 "" "Mozilla/5.0 (Windows NT 6.3; Win64; x64) AppleWebKit/537.36 (KHTML, like Gecko) Chrome/72.0.3626.109 Safari/537.36"
[2019-03-07T17:27:51.393] [INFO] http - ::1 - - "GET /api/users/ HTTP/1.1" 200 43 "" "Mozilla/5.0 (Windows NT 6.3; Win64; x64) AppleWebKit/537.36 (KHTML, like Gecko) Chrome/72.0.3626.109 Safari/537.36"
[2019-03-07T17:28:23.606] [INFO] http - ::1 - - "POST /api/auth/register HTTP/1.1" 200 226 "" "Mozilla/5.0 (Windows NT 6.3; Win64; x64) AppleWebKit/537.36 (KHTML, like Gecko) Chrome/72.0.3626.109 Safari/537.36"
[2019-03-07T17:28:42.709] [INFO] http - ::1 - - "GET /api/auth/me HTTP/1.1" 200 82 "" "Mozilla/5.0 (Windows NT 6.3; Win64; x64) AppleWebKit/537.36 (KHTML, like Gecko) Chrome/72.0.3626.109 Safari/537.36"
[2019-03-07T17:29:10.697] [INFO] http - ::1 - - "POST /api/auth/login HTTP/1.1" 200 214 "" "Mozilla/5.0 (Windows NT 6.3; Win64; x64) AppleWebKit/537.36 (KHTML, like Gecko) Chrome/72.0.3626.109 Safari/537.36"
[2019-03-07T17:29:42.922] [ERROR] http - ::1 - - "PUT /api/users/xxxxx HTTP/1.1" 500 73 "" "Mozilla/5.0 (Windows NT 6.3; Win64; x64) AppleWebKit/537.36 (KHTML, like Gecko) Chrome/72.0.3626.109 Safari/537.36"
[2019-03-07T17:30:35.016] [INFO] http - ::1 - - "GET /api/users/ HTTP/1.1" 200 199 "" "Mozilla/5.0 (Windows NT 6.3; Win64; x64) AppleWebKit/537.36 (KHTML, like Gecko) Chrome/72.0.3626.109 Safari/537.36"
[2019-03-07T17:31:01.455] [ERROR] http - ::1 - - "PUT /api/users/5c817ee754f54951789e12df HTTP/1.1" 500 54 "" "Mozilla/5.0 (Windows NT 6.3; Win64; x64) AppleWebKit/537.36 (KHTML, like Gecko) Chrome/72.0.3626.109 Safari/537.36"
[2019-03-07T17:31:14.642] [ERROR] http - ::1 - - "PUT /api/users/5c817ee754f54951789e12df HTTP/1.1" 500 54 "" "Mozilla/5.0 (Windows NT 6.3; Win64; x64) AppleWebKit/537.36 (KHTML, like Gecko) Chrome/72.0.3626.109 Safari/537.36"
[2019-03-07T17:31:51.292] [ERROR] http - ::1 - - "PUT /api/users/5c817ee754f54951789e12df HTTP/1.1" 500 54 "" "Mozilla/5.0 (Windows NT 6.3; Win64; x64) AppleWebKit/537.36 (KHTML, like Gecko) Chrome/72.0.3626.109 Safari/537.36"
[2019-03-07T17:32:25.677] [INFO] http - ::1 - - "GET /api/users/ HTTP/1.1" 200 199 "" "Mozilla/5.0 (Windows NT 6.3; Win64; x64) AppleWebKit/537.36 (KHTML, like Gecko) Chrome/72.0.3626.109 Safari/537.36"
[2019-03-07T17:32:43.890] [INFO] http - ::1 - - "GET /api/users/ HTTP/1.1" 200 199 "" "Mozilla/5.0 (Windows NT 6.3; Win64; x64) AppleWebKit/537.36 (KHTML, like Gecko) Chrome/72.0.3626.109 Safari/537.36"
[2019-03-07T17:33:08.633] [ERROR] http - ::1 - - "PUT /api/users/5c817ee754f54951789e12df HTTP/1.1" 500 54 "" "Mozilla/5.0 (Windows NT 6.3; Win64; x64) AppleWebKit/537.36 (KHTML, like Gecko) Chrome/72.0.3626.109 Safari/537.36"
[2019-03-07T17:34:20.018] [ERROR] http - ::1 - - "PUT /api/users/5c817ee754f54951789e12df HTTP/1.1" 500 54 "" "Mozilla/5.0 (Windows NT 6.3; Win64; x64) AppleWebKit/537.36 (KHTML, like Gecko) Chrome/72.0.3626.109 Safari/537.36"
[2019-03-07T17:34:59.796] [INFO] http - ::1 - - "POST /api/auth/login HTTP/1.1" 200 214 "" "Mozilla/5.0 (Windows NT 6.3; Win64; x64) AppleWebKit/537.36 (KHTML, like Gecko) Chrome/72.0.3626.109 Safari/537.36"
[2019-03-07T17:35:27.371] [INFO] http - ::1 - - "PUT /api/users/5c817ee754f54951789e12df HTTP/1.1" 200 180 "" "Mozilla/5.0 (Windows NT 6.3; Win64; x64) AppleWebKit/537.36 (KHTML, like Gecko) Chrome/72.0.3626.109 Safari/537.36"
[2019-03-07T17:35:52.773] [ERROR] http - ::1 - - "POST /api/auth/login HTTP/1.1" 401 54 "" "Mozilla/5.0 (Windows NT 6.3; Win64; x64) AppleWebKit/537.36 (KHTML, like Gecko) Chrome/72.0.3626.109 Safari/537.36"
[2019-03-07T17:49:51.546] [ERROR] http - ::1 - - "GET /api/auth/me HTTP/1.1" 500 54 "" "Mozilla/5.0 (Windows NT 6.3; Win64; x64) AppleWebKit/537.36 (KHTML, like Gecko) Chrome/72.0.3626.109 Safari/537.36"
[2019-03-07T17:50:07.532] [ERROR] http - ::1 - - "GET /api/auth/me HTTP/1.1" 500 54 "" "Mozilla/5.0 (Windows NT 6.3; Win64; x64) AppleWebKit/537.36 (KHTML, like Gecko) Chrome/72.0.3626.109 Safari/537.36"
[2019-03-07T17:50:09.347] [ERROR] http - ::1 - - "GET /api/auth/me HTTP/1.1" 500 54 "" "Mozilla/5.0 (Windows NT 6.3; Win64; x64) AppleWebKit/537.36 (KHTML, like Gecko) Chrome/72.0.3626.109 Safari/537.36"
[2019-03-07T17:53:05.625] [INFO] http - ::1 - - "GET /api/users/ HTTP/1.1" 200 148 "" "Mozilla/5.0 (Windows NT 6.3; Win64; x64) AppleWebKit/537.36 (KHTML, like Gecko) Chrome/72.0.3626.109 Safari/537.36"
[2019-03-07T17:53:29.983] [INFO] http - ::1 - - "DELETE /api/users/5c817ee754f54951789e12df HTTP/1.1" 200 77 "" "Mozilla/5.0 (Windows NT 6.3; Win64; x64) AppleWebKit/537.36 (KHTML, like Gecko) Chrome/72.0.3626.109 Safari/537.36"
[2019-03-07T17:53:39.747] [ERROR] http - ::1 - - "GET /api/auth/me HTTP/1.1" 500 54 "" "Mozilla/5.0 (Windows NT 6.3; Win64; x64) AppleWebKit/537.36 (KHTML, like Gecko) Chrome/72.0.3626.109 Safari/537.36"
[2019-03-07T17:53:48.141] [INFO] http - ::1 - - "POST /api/auth/register HTTP/1.1" 200 226 "" "Mozilla/5.0 (Windows NT 6.3; Win64; x64) AppleWebKit/537.36 (KHTML, like Gecko) Chrome/72.0.3626.109 Safari/537.36"
[2019-03-07T17:54:31.322] [INFO] http - ::1 - - "POST /api/auth/login HTTP/1.1" 200 214 "" "Mozilla/5.0 (Windows NT 6.3; Win64; x64) AppleWebKit/537.36 (KHTML, like Gecko) Chrome/72.0.3626.109 Safari/537.36"
[2019-03-07T17:54:40.833] [INFO] http - ::1 - - "POST /api/auth/login HTTP/1.1" 200 214 "" "Mozilla/5.0 (Windows NT 6.3; Win64; x64) AppleWebKit/537.36 (KHTML, like Gecko) Chrome/72.0.3626.109 Safari/537.36"
[2019-03-07T17:54:46.606] [INFO] http - ::1 - - "POST /api/auth/login HTTP/1.1" 200 214 "" "Mozilla/5.0 (Windows NT 6.3; Win64; x64) AppleWebKit/537.36 (KHTML, like Gecko) Chrome/72.0.3626.109 Safari/537.36"
[2019-03-07T17:55:27.137] [ERROR] http - ::1 - - "GET /api/auth/me HTTP/1.1" 500 54 "" "Mozilla/5.0 (Windows NT 6.3; Win64; x64) AppleWebKit/537.36 (KHTML, like Gecko) Chrome/72.0.3626.109 Safari/537.36"
[2019-03-07T17:55:44.316] [ERROR] http - ::1 - - "GET /api/auth/me HTTP/1.1" 500 54 "" "Mozilla/5.0 (Windows NT 6.3; Win64; x64) AppleWebKit/537.36 (KHTML, like Gecko) Chrome/72.0.3626.109 Safari/537.36"
[2019-03-07T18:03:57.314] [INFO] http - ::1 - - "POST /api/users/ HTTP/1.1" 200 200 "" "Mozilla/5.0 (Windows NT 6.3; Win64; x64) AppleWebKit/537.36 (KHTML, like Gecko) Chrome/72.0.3626.109 Safari/537.36"
[2019-03-07T18:04:04.872] [ERROR] http - ::1 - - "POST /api/users/ HTTP/1.1" 401 77 "" "Mozilla/5.0 (Windows NT 6.3; Win64; x64) AppleWebKit/537.36 (KHTML, like Gecko) Chrome/72.0.3626.109 Safari/537.36"
[2019-03-07T18:04:35.969] [ERROR] http - ::1 - - "PUT /api/users/5c817ee754f54951789e12df HTTP/1.1" 500 54 "" "Mozilla/5.0 (Windows NT 6.3; Win64; x64) AppleWebKit/537.36 (KHTML, like Gecko) Chrome/72.0.3626.109 Safari/537.36"
[2019-03-07T18:07:43.234] [INFO] http - ::1 - - "GET /api/users/ HTTP/1.1" 200 360 "" "Mozilla/5.0 (Windows NT 6.3; Win64; x64) AppleWebKit/537.36 (KHTML, like Gecko) Chrome/72.0.3626.109 Safari/537.36"
[2019-03-07T18:31:38.733] [INFO] http - ::1 - - "GET /api/users/ HTTP/1.1" 200 360 "" "Mozilla/5.0 (Windows NT 6.3; Win64; x64) AppleWebKit/537.36 (KHTML, like Gecko) Chrome/72.0.3626.109 Safari/537.36"
[2019-03-07T18:31:47.246] [INFO] http - ::1 - - "GET /api/users/ HTTP/1.1" 200 360 "" "Mozilla/5.0 (Windows NT 6.3; Win64; x64) AppleWebKit/537.36 (KHTML, like Gecko) Chrome/72.0.3626.109 Safari/537.36"
[2019-03-07T18:32:04.514] [INFO] http - ::1 - - "DELETE /api/users/5c8184db74ea5601bc6f90d0 HTTP/1.1" 200 77 "" "Mozilla/5.0 (Windows NT 6.3; Win64; x64) AppleWebKit/537.36 (KHTML, like Gecko) Chrome/72.0.3626.109 Safari/537.36"
[2019-03-07T18:32:14.982] [INFO] http - ::1 - - "GET /api/users/ HTTP/1.1" 200 203 "" "Mozilla/5.0 (Windows NT 6.3; Win64; x64) AppleWebKit/537.36 (KHTML, like Gecko) Chrome/72.0.3626.109 Safari/537.36"
[2019-03-07T18:32:22.851] [INFO] http - ::1 - - "DELETE /api/users/5c81873c5cf0486150f2fa7e HTTP/1.1" 200 77 "" "Mozilla/5.0 (Windows NT 6.3; Win64; x64) AppleWebKit/537.36 (KHTML, like Gecko) Chrome/72.0.3626.109 Safari/537.36"
[2019-03-07T18:32:41.354] [INFO] http - ::1 - - "GET /api/users/ HTTP/1.1" 200 43 "" "Mozilla/5.0 (Windows NT 6.3; Win64; x64) AppleWebKit/537.36 (KHTML, like Gecko) Chrome/72.0.3626.109 Safari/537.36"
[2019-03-07T18:32:43.873] [ERROR] http - ::1 - - "GET /api/users/5c8175daf387204fe4e0cbd31 HTTP/1.1" 500 72 "" "Mozilla/5.0 (Windows NT 6.3; Win64; x64) AppleWebKit/537.36 (KHTML, like Gecko) Chrome/72.0.3626.109 Safari/537.36"
[2019-03-07T18:32:46.069] [ERROR] http - ::1 - - "DELETE /api/users/5c81873c5cf0486150f2fa7e HTTP/1.1" 404 49 "" "Mozilla/5.0 (Windows NT 6.3; Win64; x64) AppleWebKit/537.36 (KHTML, like Gecko) Chrome/72.0.3626.109 Safari/537.36"
[2019-03-07T18:32:49.157] [INFO] http - ::1 - - "POST /api/users/ HTTP/1.1" 200 200 "" "Mozilla/5.0 (Windows NT 6.3; Win64; x64) AppleWebKit/537.36 (KHTML, like Gecko) Chrome/72.0.3626.109 Safari/537.36"
[2019-03-07T18:32:59.508] [ERROR] http - ::1 - - "POST /api/users/ HTTP/1.1" 401 77 "" "Mozilla/5.0 (Windows NT 6.3; Win64; x64) AppleWebKit/537.36 (KHTML, like Gecko) Chrome/72.0.3626.109 Safari/537.36"
[2019-03-07T18:33:22.574] [INFO] http - ::1 - - "POST /api/auth/login HTTP/1.1" 200 214 "" "Mozilla/5.0 (Windows NT 6.3; Win64; x64) AppleWebKit/537.36 (KHTML, like Gecko) Chrome/72.0.3626.109 Safari/537.36"
[2019-03-07T18:34:22.679] [INFO] http - ::1 - - "GET /api/users/ HTTP/1.1" 200 203 "" "Mozilla/5.0 (Windows NT 6.3; Win64; x64) AppleWebKit/537.36 (KHTML, like Gecko) Chrome/72.0.3626.109 Safari/537.36"
[2019-03-07T18:34:40.042] [INFO] http - ::1 - - "POST /api/auth/register HTTP/1.1" 200 226 "" "Mozilla/5.0 (Windows NT 6.3; Win64; x64) AppleWebKit/537.36 (KHTML, like Gecko) Chrome/72.0.3626.109 Safari/537.36"
[2019-03-07T18:34:55.288] [ERROR] http - ::1 - - "PUT /api/users/5c817ee754f54951789e12df HTTP/1.1" 401 75 "" "Mozilla/5.0 (Windows NT 6.3; Win64; x64) AppleWebKit/537.36 (KHTML, like Gecko) Chrome/72.0.3626.109 Safari/537.36"
[2019-03-07T18:35:31.077] [ERROR] http - ::1 - - "PUT /api/users/5c817ee754f54951789e12df HTTP/1.1" 401 90 "" "Mozilla/5.0 (Windows NT 6.3; Win64; x64) AppleWebKit/537.36 (KHTML, like Gecko) Chrome/72.0.3626.109 Safari/537.36"
[2019-03-07T18:35:44.986] [ERROR] http - ::1 - - "PUT /api/users/5c817ee754f54951789e12df HTTP/1.1" 401 92 "" "Mozilla/5.0 (Windows NT 6.3; Win64; x64) AppleWebKit/537.36 (KHTML, like Gecko) Chrome/72.0.3626.109 Safari/537.36"
[2019-03-07T18:37:14.622] [ERROR] http - ::1 - - "PUT /api/users/5c817ee754f54951789e12df HTTP/1.1" 401 92 "" "Mozilla/5.0 (Windows NT 6.3; Win64; x64) AppleWebKit/537.36 (KHTML, like Gecko) Chrome/72.0.3626.109 Safari/537.36"
[2019-03-07T18:37:44.013] [ERROR] http - ::1 - - "GET /api/users/5c817ee754f54951789e12df HTTP/1.1" 404 49 "" "Mozilla/5.0 (Windows NT 6.3; Win64; x64) AppleWebKit/537.36 (KHTML, like Gecko) Chrome/72.0.3626.109 Safari/537.36"
[2019-03-07T18:37:58.859] [ERROR] http - ::1 - - "GET /api/users/ HTTP/1.1" 403 42 "" "Mozilla/5.0 (Windows NT 6.3; Win64; x64) AppleWebKit/537.36 (KHTML, like Gecko) Chrome/72.0.3626.109 Safari/537.36"
[2019-03-07T18:38:17.620] [INFO] http - ::1 - - "POST /api/auth/login HTTP/1.1" 200 214 "" "Mozilla/5.0 (Windows NT 6.3; Win64; x64) AppleWebKit/537.36 (KHTML, like Gecko) Chrome/72.0.3626.109 Safari/537.36"
[2019-03-07T18:38:56.799] [INFO] http - ::1 - - "GET /api/users/ HTTP/1.1" 200 360 "" "Mozilla/5.0 (Windows NT 6.3; Win64; x64) AppleWebKit/537.36 (KHTML, like Gecko) Chrome/72.0.3626.109 Safari/537.36"
[2019-03-07T18:40:30.532] [ERROR] http - ::1 - - "POST /api/users/ HTTP/1.1" 401 77 "" "Mozilla/5.0 (Windows NT 6.3; Win64; x64) AppleWebKit/537.36 (KHTML, like Gecko) Chrome/72.0.3626.109 Safari/537.36"
[2019-03-07T18:40:36.779] [INFO] http - ::1 - - "POST /api/users/ HTTP/1.1" 200 201 "" "Mozilla/5.0 (Windows NT 6.3; Win64; x64) AppleWebKit/537.36 (KHTML, like Gecko) Chrome/72.0.3626.109 Safari/537.36"
[2019-03-07T18:44:46.933] [INFO] http - ::1 - - "POST /api/auth/register HTTP/1.1" 200 226 "" "Mozilla/5.0 (Windows NT 6.3; Win64; x64) AppleWebKit/537.36 (KHTML, like Gecko) Chrome/72.0.3626.109 Safari/537.36"
[2019-03-07T18:45:07.803] [INFO] http - ::1 - - "POST /api/auth/register HTTP/1.1" 200 226 "" "Mozilla/5.0 (Windows NT 6.3; Win64; x64) AppleWebKit/537.36 (KHTML, like Gecko) Chrome/72.0.3626.109 Safari/537.36"
[2019-03-07T18:45:12.496] [INFO] http - ::1 - - "GET /api/users/ HTTP/1.1" 200 360 "" "Mozilla/5.0 (Windows NT 6.3; Win64; x64) AppleWebKit/537.36 (KHTML, like Gecko) Chrome/72.0.3626.109 Safari/537.36"
[2019-03-07T18:46:06.857] [ERROR] http - ::1 - - "PUT /api/users/5c8190ce9f00ba525868342f HTTP/1.1" 401 92 "" "Mozilla/5.0 (Windows NT 6.3; Win64; x64) AppleWebKit/537.36 (KHTML, like Gecko) Chrome/72.0.3626.109 Safari/537.36"
[2019-03-07T18:46:15.106] [ERROR] http - ::1 - - "PUT /api/users/5c8190ce9f00ba525868342f HTTP/1.1" 401 90 "" "Mozilla/5.0 (Windows NT 6.3; Win64; x64) AppleWebKit/537.36 (KHTML, like Gecko) Chrome/72.0.3626.109 Safari/537.36"
[2019-03-07T18:47:24.766] [ERROR] http - ::1 - - "PUT /api/users/5c8190ce9f00ba525868342f HTTP/1.1" 401 90 "" "Mozilla/5.0 (Windows NT 6.3; Win64; x64) AppleWebKit/537.36 (KHTML, like Gecko) Chrome/72.0.3626.109 Safari/537.36"
[2019-03-07T18:48:11.081] [ERROR] http - ::1 - - "PUT /api/users/5c8190ce9f00ba525868342f HTTP/1.1" 401 90 "" "Mozilla/5.0 (Windows NT 6.3; Win64; x64) AppleWebKit/537.36 (KHTML, like Gecko) Chrome/72.0.3626.109 Safari/537.36"
[2019-03-07T18:49:43.297] [ERROR] http - ::1 - - "PUT /api/users/5c8190ce9f00ba525868342f HTTP/1.1" 401 90 "" "Mozilla/5.0 (Windows NT 6.3; Win64; x64) AppleWebKit/537.36 (KHTML, like Gecko) Chrome/72.0.3626.109 Safari/537.36"
[2019-03-07T18:50:20.628] [ERROR] http - ::1 - - "PUT /api/users/5c8190ce9f00ba525868342f HTTP/1.1" 401 90 "" "Mozilla/5.0 (Windows NT 6.3; Win64; x64) AppleWebKit/537.36 (KHTML, like Gecko) Chrome/72.0.3626.109 Safari/537.36"
[2019-03-07T18:50:35.650] [ERROR] http - ::1 - - "PUT /api/users/5c8190ce9f00ba525868342f HTTP/1.1" 401 90 "" "Mozilla/5.0 (Windows NT 6.3; Win64; x64) AppleWebKit/537.36 (KHTML, like Gecko) Chrome/72.0.3626.109 Safari/537.36"
[2019-03-07T18:50:58.445] [INFO] http - ::1 - - "PUT /api/users/5c8190ce9f00ba525868342f HTTP/1.1" 200 232 "" "Mozilla/5.0 (Windows NT 6.3; Win64; x64) AppleWebKit/537.36 (KHTML, like Gecko) Chrome/72.0.3626.109 Safari/537.36"
[2019-03-07T18:51:30.482] [INFO] http - ::1 - - "PUT /api/users/5c8190ce9f00ba525868342f HTTP/1.1" 200 233 "" "Mozilla/5.0 (Windows NT 6.3; Win64; x64) AppleWebKit/537.36 (KHTML, like Gecko) Chrome/72.0.3626.109 Safari/537.36"
[2019-03-07T18:52:21.505] [ERROR] http - ::1 - - "PUT /api/users/5c8190e39f00ba5258683430 HTTP/1.1" 401 91 "" "Mozilla/5.0 (Windows NT 6.3; Win64; x64) AppleWebKit/537.36 (KHTML, like Gecko) Chrome/72.0.3626.109 Safari/537.36"
[2019-03-07T18:52:37.720] [ERROR] http - ::1 - - "PUT /api/users/5c8190e39f00ba5258683430 HTTP/1.1" 401 91 "" "Mozilla/5.0 (Windows NT 6.3; Win64; x64) AppleWebKit/537.36 (KHTML, like Gecko) Chrome/72.0.3626.109 Safari/537.36"
[2019-03-07T18:52:46.330] [INFO] http - ::1 - - "PUT /api/users/5c8190e39f00ba5258683430 HTTP/1.1" 200 236 "" "Mozilla/5.0 (Windows NT 6.3; Win64; x64) AppleWebKit/537.36 (KHTML, like Gecko) Chrome/72.0.3626.109 Safari/537.36"
[2019-03-07T18:55:47.871] [ERROR] http - ::1 - - "GET /api/auth/me HTTP/1.1" 500 54 "" "Mozilla/5.0 (Windows NT 6.3; Win64; x64) AppleWebKit/537.36 (KHTML, like Gecko) Chrome/72.0.3626.109 Safari/537.36"
[2019-03-07T18:56:14.348] [ERROR] http - ::1 - - "GET /api/auth/me HTTP/1.1" 500 54 "" "Mozilla/5.0 (Windows NT 6.3; Win64; x64) AppleWebKit/537.36 (KHTML, like Gecko) Chrome/72.0.3626.109 Safari/537.36"
[2019-03-07T18:56:47.466] [INFO] http - ::1 - - "POST /api/auth/register HTTP/1.1" 200 226 "" "Mozilla/5.0 (Windows NT 6.3; Win64; x64) AppleWebKit/537.36 (KHTML, like Gecko) Chrome/72.0.3626.109 Safari/537.36"
[2019-03-07T18:57:16.326] [INFO] http - ::1 - - "GET /api/auth/me HTTP/1.1" 200 129 "" "Mozilla/5.0 (Windows NT 6.3; Win64; x64) AppleWebKit/537.36 (KHTML, like Gecko) Chrome/72.0.3626.109 Safari/537.36"
[2019-03-07T19:08:40.984] [INFO] http - ::1 - - "GET /api/auth/me HTTP/1.1" 200 129 "" "Mozilla/5.0 (Windows NT 6.3; Win64; x64) AppleWebKit/537.36 (KHTML, like Gecko) Chrome/72.0.3626.109 Safari/537.36"
[2019-03-07T19:08:42.342] [INFO] http - ::1 - - "GET /api/auth/me HTTP/1.1" 200 129 "" "Mozilla/5.0 (Windows NT 6.3; Win64; x64) AppleWebKit/537.36 (KHTML, like Gecko) Chrome/72.0.3626.109 Safari/537.36"
[2019-03-07T19:08:44.659] [ERROR] http - ::1 - - "GET /api/auth/me HTTP/1.1" 500 82 "" "Mozilla/5.0 (Windows NT 6.3; Win64; x64) AppleWebKit/537.36 (KHTML, like Gecko) Chrome/72.0.3626.109 Safari/537.36"
[2019-03-07T19:08:57.515] [ERROR] http - ::1 - - "GET /api/auth/me HTTP/1.1" 500 82 "" "Mozilla/5.0 (Windows NT 6.3; Win64; x64) AppleWebKit/537.36 (KHTML, like Gecko) Chrome/72.0.3626.109 Safari/537.36"
[2019-03-07T19:09:03.134] [INFO] http - ::1 - - "GET /api/auth/me HTTP/1.1" 200 129 "" "Mozilla/5.0 (Windows NT 6.3; Win64; x64) AppleWebKit/537.36 (KHTML, like Gecko) Chrome/72.0.3626.109 Safari/537.36"
[2019-03-07T19:09:14.044] [ERROR] http - ::1 - - "GET /api/auth/me HTTP/1.1" 500 67 "" "Mozilla/5.0 (Windows NT 6.3; Win64; x64) AppleWebKit/537.36 (KHTML, like Gecko) Chrome/72.0.3626.109 Safari/537.36"
[2019-03-07T19:10:08.955] [ERROR] http - ::1 - - "GET /api/auth/me HTTP/1.1" 500 67 "" "Mozilla/5.0 (Windows NT 6.3; Win64; x64) AppleWebKit/537.36 (KHTML, like Gecko) Chrome/72.0.3626.109 Safari/537.36"
[2019-03-07T19:10:16.516] [ERROR] http - ::1 - - "GET /api/auth/me HTTP/1.1" 500 67 "" "Mozilla/5.0 (Windows NT 6.3; Win64; x64) AppleWebKit/537.36 (KHTML, like Gecko) Chrome/72.0.3626.109 Safari/537.36"
[2019-03-07T19:12:53.242] [ERROR] http - ::1 - - "GET /api/auth/me HTTP/1.1" 500 67 "" "Mozilla/5.0 (Windows NT 6.3; Win64; x64) AppleWebKit/537.36 (KHTML, like Gecko) Chrome/72.0.3626.109 Safari/537.36"
[2019-03-08T12:48:30.675] [ERROR] http - ::ffff:127.0.0.1 - - "HEAD /media/video/cat.mp4 HTTP/1.1" 404 52 "" "Mozilla/5.0 (Windows NT 6.3; WOW64; rv:64.0) Gecko/20100101 Firefox/64.0"
[2019-03-08T12:48:30.681] [ERROR] http - ::ffff:127.0.0.1 - - "GET /media/video/cat.mp4 HTTP/1.1" 404 52 "http://localhost:3000/media/video/cat.mp4" "Mozilla/5.0 (Windows NT 6.3; WOW64; rv:64.0) Gecko/20100101 Firefox/64.0"
[2019-03-08T12:48:30.738] [ERROR] http - ::ffff:127.0.0.1 - - "HEAD /js/app.js HTTP/1.1" 404 52 "" "Mozilla/5.0 (Windows NT 6.3; WOW64; rv:64.0) Gecko/20100101 Firefox/64.0"
[2019-03-08T12:48:30.741] [ERROR] http - ::ffff:127.0.0.1 - - "GET /js/app.js HTTP/1.1" 404 52 "http://localhost:3000/js/app.js" "Mozilla/5.0 (Windows NT 6.3; WOW64; rv:64.0) Gecko/20100101 Firefox/64.0"
[2019-03-08T12:48:30.743] [ERROR] http - ::ffff:127.0.0.1 - - "HEAD /images/dog.jpg HTTP/1.1" 404 52 "" "Mozilla/5.0 (Windows NT 6.3; WOW64; rv:64.0) Gecko/20100101 Firefox/64.0"
[2019-03-08T12:48:30.744] [ERROR] http - ::ffff:127.0.0.1 - - "GET /images/dog.jpg HTTP/1.1" 404 52 "http://localhost:3000/images/dog.jpg" "Mozilla/5.0 (Windows NT 6.3; WOW64; rv:64.0) Gecko/20100101 Firefox/64.0"
[2019-03-08T12:48:30.747] [ERROR] http - ::ffff:127.0.0.1 - - "HEAD /media/cry.mp3 HTTP/1.1" 404 52 "" "Mozilla/5.0 (Windows NT 6.3; WOW64; rv:64.0) Gecko/20100101 Firefox/64.0"
[2019-03-08T12:48:30.748] [ERROR] http - ::ffff:127.0.0.1 - - "GET /media/cry.mp3 HTTP/1.1" 404 52 "http://localhost:3000/media/cry.mp3" "Mozilla/5.0 (Windows NT 6.3; WOW64; rv:64.0) Gecko/20100101 Firefox/64.0"
[2019-03-08T12:48:30.751] [ERROR] http - ::ffff:127.0.0.1 - - "HEAD /media/images/dog.jpg HTTP/1.1" 404 52 "" "Mozilla/5.0 (Windows NT 6.3; WOW64; rv:64.0) Gecko/20100101 Firefox/64.0"
[2019-03-08T12:48:30.753] [ERROR] http - ::ffff:127.0.0.1 - - "GET /media/images/dog.jpg HTTP/1.1" 404 52 "http://localhost:3000/media/images/dog.jpg" "Mozilla/5.0 (Windows NT 6.3; WOW64; rv:64.0) Gecko/20100101 Firefox/64.0"
[2019-03-11T15:36:21.186] [ERROR] http - ::1 - - "GET /api/users/ HTTP/1.1" 500 65 "" "Mozilla/5.0 (Windows NT 6.3; Win64; x64) AppleWebKit/537.36 (KHTML, like Gecko) Chrome/72.0.3626.121 Safari/537.36"
[2019-03-11T16:25:32.614] [INFO] http - ::1 - - "POST /api/auth/register HTTP/1.1" 200 226 "" "Mozilla/5.0 (Windows NT 6.3; Win64; x64) AppleWebKit/537.36 (KHTML, like Gecko) Chrome/72.0.3626.121 Safari/537.36"
[2019-03-11T16:26:18.651] [INFO] http - ::1 - - "POST /api/auth/register HTTP/1.1" 200 226 "" "Mozilla/5.0 (Windows NT 6.3; Win64; x64) AppleWebKit/537.36 (KHTML, like Gecko) Chrome/72.0.3626.121 Safari/537.36"
[2019-03-11T16:29:06.091] [INFO] http - ::1 - - "POST /api/auth/register HTTP/1.1" 200 226 "" "Mozilla/5.0 (Windows NT 6.3; Win64; x64) AppleWebKit/537.36 (KHTML, like Gecko) Chrome/72.0.3626.121 Safari/537.36"
[2019-03-11T16:29:19.039] [INFO] http - ::1 - - "POST /api/auth/login HTTP/1.1" 200 214 "" "Mozilla/5.0 (Windows NT 6.3; Win64; x64) AppleWebKit/537.36 (KHTML, like Gecko) Chrome/72.0.3626.121 Safari/537.36"
[2019-03-11T16:31:41.208] [ERROR] http - ::1 - - "GET /api/auth/me HTTP/1.1" 500 67 "" "Mozilla/5.0 (Windows NT 6.3; Win64; x64) AppleWebKit/537.36 (KHTML, like Gecko) Chrome/72.0.3626.121 Safari/537.36"
[2019-03-11T16:32:18.850] [INFO] http - ::1 - - "GET /api/auth/me HTTP/1.1" 200 123 "" "Mozilla/5.0 (Windows NT 6.3; Win64; x64) AppleWebKit/537.36 (KHTML, like Gecko) Chrome/72.0.3626.121 Safari/537.36"
[2019-04-17T16:37:12.037] [ERROR] http - ::1 - - "GET /api/users/ HTTP/1.1" 500 65 "" "Mozilla/5.0 (Windows NT 6.3; Win64; x64) AppleWebKit/537.36 (KHTML, like Gecko) Chrome/73.0.3683.103 Safari/537.36"
[2019-04-17T16:37:33.883] [INFO] http - ::1 - - "POST /api/auth/login HTTP/1.1" 200 214 "" "Mozilla/5.0 (Windows NT 6.3; Win64; x64) AppleWebKit/537.36 (KHTML, like Gecko) Chrome/73.0.3683.103 Safari/537.36"
[2019-04-17T16:38:08.404] [INFO] http - ::1 - - "GET /api/users/ HTTP/1.1" 200 199 "" "Mozilla/5.0 (Windows NT 6.3; Win64; x64) AppleWebKit/537.36 (KHTML, like Gecko) Chrome/73.0.3683.103 Safari/537.36"
